
--- 2026-03-04 13:20:20.871467 ---
PROMPT: Based on interests in nature, wildlife and a budget of ₹35000, suggest 3 travel destinations in Indi...
RESULT: ```json
{
  "recommendations": [
    {
      "destination": "Jim Corbett National Park, Uttarakhand",
      "score": 92,
      "difficulty": "Easy to Moderate",
      "estimated_cost": 25000,
      "best_season": ["Winter", "Early Summer"]
    },
    {
      "destination": "Bandhavgarh National Park, Madhya Pradesh",
      "score": 88,
      "difficulty": "Moderate",
      "estimated_cost": 30000,
      "best_season": ["Winter", "Summer"]
    },
    {
      "destination": "Kaziranga National Park, Assam",
      "score": 90,
      "difficulty": "Easy",
      "estimated_cost": 28000,
      "best_season": ["Winter"]
    }
  ]
}
```

--- 2026-03-04 13:21:09.977085 ---
PROMPT: Based on interests in nature, wildlife and a budget of ₹35000, suggest 3 travel destinations in Indi...
RESULT: ```json
{
  "recommendations": [
    {
      "destination": "Jim Corbett National Park, Uttarakhand",
      "score": 92,
      "difficulty": "Easy to Moderate",
      "estimated_cost": 25000,
      "best_season": ["October to June"]
    },
    {
      "destination": "Kaziranga National Park, Assam",
      "score": 88,
      "difficulty": "Easy",
      "estimated_cost": 30000,
      "best_season": ["November to April"]
    },
    {
      "destination": "Bandipur National Park, Karnataka",
      "score": 85,
      "difficulty": "Easy",
      "estimated_cost": 20000,
      "best_season": ["October to May"]
    }
  ]
}
```

--- 2026-03-04 13:23:20.379274 ---
PROMPT: Based on interests in culture, nature and a budget of ₹10000, suggest 3 travel destinations in India...
RESULT: ```json
{
  "recommendations": [
    {
      "destination": "Khajuraho, Madhya Pradesh",
      "score": 85,
      "difficulty": "Easy",
      "estimated_cost": 8000,
      "best_season": [
        "October",
        "November",
        "December",
        "January",
        "February",
        "March"
      ],
      "description": "Famous for its ancient temples with intricate sculptures and a rich cultural heritage. Explore the magnificent architecture and enjoy the peaceful surroundings.",
       "interests": ["culture", "history"]
    },
    {
      "destination": "McLeod Ganj, Himachal Pradesh",
      "score": 80,
      "difficulty": "Moderate",
      "estimated_cost": 7000,
      "best_season": [
        "March",
        "April",
        "May",
        "June",
        "September",
        "October"
      ],
      "description": "Home to the Dalai Lama, offering stunning views of the Himalayas, vibrant Tibetan culture, and opportunities for trekking. Experience serenity and delve into Buddhist philosophy.",
      "interests": ["culture", "nature", "spirituality"]
    },
    {
      "destination": "Hampi, Karnataka",
      "score": 75,
      "difficulty": "Easy",
      "estimated_cost": 9000,
      "best_season": [
        "October",
        "November",
        "December",
        "January",
        "February"
      ],
      "description": "A UNESCO World Heritage site, Hampi boasts magnificent ruins of the Vijayanagara Empire, unique landscapes, and a captivating blend of history and nature along the Tungabhadra River.",
      "interests": ["culture", "history", "nature"]
    }
  ]
}
```
